"../../../Engine/Content/EditorResources/S_Actor.ubulk" 0
"../../../Engine/Content/EditorResources/S_Actor.uasset" 1
"../../../Engine/Content/EditorResources/S_Actor.uexp" 2
"../../../Engine/Content/EditorResources/S_BoxReflectionCapture.uasset" 3
"../../../Engine/Content/EditorResources/S_BoxReflectionCapture.uexp" 4
"../../../Engine/Content/EngineResources/DefaultTexture.ubulk" 5
"../../../Engine/Content/EngineResources/DefaultTexture.uasset" 6
"../../../Engine/Content/EngineResources/DefaultTexture.uexp" 7
"../../../Engine/Content/EngineResources/DefaultTextureCube.uasset" 8
"../../../Engine/Content/EngineResources/DefaultTextureCube.uexp" 9
"../../../Engine/Content/EngineResources/DefaultVolumeTexture2D.uasset" 10
"../../../Engine/Content/EngineResources/DefaultVolumeTexture2D.uexp" 11
"../../../Engine/Content/EngineResources/DefaultVolumeTexture.uasset" 12
"../../../Engine/Content/EngineResources/DefaultVolumeTexture.uexp" 13
"../../../Engine/Content/EditorResources/S_Trigger.ubulk" 14
"../../../Engine/Content/EditorResources/S_Trigger.uasset" 15
"../../../Engine/Content/EditorResources/S_Trigger.uexp" 16
"../../../Engine/Content/EditorResources/S_TriggerBox.uasset" 17
"../../../Engine/Content/EditorResources/S_TriggerBox.uexp" 18
"../../../Engine/Content/EditorResources/S_TriggerCapsule.uasset" 19
"../../../Engine/Content/EditorResources/S_TriggerCapsule.uexp" 20
"../../../Engine/Content/EditorResources/S_TriggerSphere.uasset" 21
"../../../Engine/Content/EditorResources/S_TriggerSphere.uexp" 22
"../../../Engine/Content/EngineMeshes/Sphere.uasset" 23
"../../../Engine/Content/EngineMeshes/Sphere.uexp" 24
"../../../Engine/Content/EngineResources/GradientTexture0.uasset" 25
"../../../Engine/Content/EngineResources/GradientTexture0.uexp" 26
"../../../Engine/Content/EngineResources/Black.uasset" 27
"../../../Engine/Content/EngineResources/Black.uexp" 28
"../../../Engine/Content/VREditor/LaserPointer/VR_LaserPower_01.ubulk" 29
"../../../Engine/Content/VREditor/LaserPointer/VR_LaserPower_01.uasset" 30
"../../../Engine/Content/VREditor/LaserPointer/VR_LaserPower_01.uexp" 31
"../../../Engine/Content/VREditor/TransformGizmo/TransformGizmoMaterial.uasset" 32
"../../../Engine/Content/VREditor/TransformGizmo/TransformGizmoMaterial.uexp" 33
"../../../Engine/Content/VREditor/TransformGizmo/TranslucentTransformGizmoMaterial.uasset" 34
"../../../Engine/Content/VREditor/TransformGizmo/TranslucentTransformGizmoMaterial.uexp" 35
"../../../Engine/Content/VREditor/TransformGizmo/PlaneTranslationHandle.uasset" 36
"../../../Engine/Content/VREditor/TransformGizmo/PlaneTranslationHandle.uexp" 37
"../../../Engine/Content/VREditor/TransformGizmo/BoundingBoxCorner.uasset" 38
"../../../Engine/Content/VREditor/TransformGizmo/BoundingBoxCorner.uexp" 39
"../../../Engine/Content/VREditor/TransformGizmo/BoundingBoxEdge.uasset" 40
"../../../Engine/Content/VREditor/TransformGizmo/BoundingBoxEdge.uexp" 41
"../../../Engine/Content/VREditor/TransformGizmo/Main.uasset" 42
"../../../Engine/Content/VREditor/TransformGizmo/Main.uexp" 43
"../../../Engine/Content/VREditor/TransformGizmo/Xray.uasset" 44
"../../../Engine/Content/VREditor/TransformGizmo/Xray.uexp" 45
"../../../Engine/Content/VREditor/TransformGizmo/SM_Sequencer_Node.uasset" 46
"../../../Engine/Content/VREditor/TransformGizmo/SM_Sequencer_Node.uexp" 47
"../../../Engine/Content/EditorMaterials/Camera/CineMat.uasset" 48
"../../../Engine/Content/EditorMaterials/Camera/CineMat.uexp" 49
"../../../Engine/Content/EditorMaterials/Camera/MI_CineMat_Rig.uasset" 50
"../../../Engine/Content/EditorMaterials/Camera/MI_CineMat_Rig.uexp" 51
"../../../Engine/Content/EditorMeshes/Camera/SM_CraneRig_Base.uasset" 52
"../../../Engine/Content/EditorMeshes/Camera/SM_CraneRig_Base.uexp" 53
"../../../Engine/Content/EditorMeshes/Camera/SM_CraneRig_Arm.uasset" 54
"../../../Engine/Content/EditorMeshes/Camera/SM_CraneRig_Arm.uexp" 55
"../../../Engine/Content/EditorMeshes/Camera/SM_CraneRig_Mount.uasset" 56
"../../../Engine/Content/EditorMeshes/Camera/SM_CraneRig_Mount.uexp" 57
"../../../Engine/Content/EditorMeshes/Camera/SM_CraneRig_Body.uasset" 58
"../../../Engine/Content/EditorMeshes/Camera/SM_CraneRig_Body.uexp" 59
"../../../Engine/Content/EditorMeshes/Camera/SM_RailRig_Track.uasset" 60
"../../../Engine/Content/EditorMeshes/Camera/SM_RailRig_Track.uexp" 61
"../../../Engine/Content/EditorMeshes/Camera/SM_RailRig_Mount.uasset" 62
"../../../Engine/Content/EditorMeshes/Camera/SM_RailRig_Mount.uexp" 63
"../../../Engine/Content/EngineMaterials/T_Default_Material_Grid_M.ubulk" 64
"../../../Engine/Content/EngineMaterials/T_Default_Material_Grid_M.uasset" 65
"../../../Engine/Content/EngineMaterials/T_Default_Material_Grid_M.uexp" 66
"../../../Engine/Content/EngineMaterials/T_Default_Material_Grid_N.ubulk" 67
"../../../Engine/Content/EngineMaterials/T_Default_Material_Grid_N.uasset" 68
"../../../Engine/Content/EngineMaterials/T_Default_Material_Grid_N.uexp" 69
"../../../Engine/Content/Functions/Engine_MaterialFunctions01/Opacity/CameraDepthFade.uasset" 70
"../../../Engine/Content/Functions/Engine_MaterialFunctions01/Opacity/CameraDepthFade.uexp" 71
"../../../Engine/Content/EngineMaterials/WorldGridMaterial.uasset" 72
"../../../Engine/Content/EngineMaterials/WorldGridMaterial.uexp" 73
"../../../Engine/Content/ArtTools/RenderToTexture/Meshes/S_1_Unit_Plane.uasset" 74
"../../../Engine/Content/ArtTools/RenderToTexture/Meshes/S_1_Unit_Plane.uexp" 75
"../../../Engine/Content/EditorMaterials/ParticleSystems/PSysThumbnail_NoImage.ubulk" 76
"../../../Engine/Content/EditorMaterials/ParticleSystems/PSysThumbnail_NoImage.uasset" 77
"../../../Engine/Content/EditorMaterials/ParticleSystems/PSysThumbnail_NoImage.uexp" 78
"../../../Engine/Content/EditorMaterials/ParticleSystems/PSysThumbnail_OOD.ubulk" 79
"../../../Engine/Content/EditorMaterials/ParticleSystems/PSysThumbnail_OOD.uasset" 80
"../../../Engine/Content/EditorMaterials/ParticleSystems/PSysThumbnail_OOD.uexp" 81
"../../../Engine/Content/EditorLandscapeResources/SplineEditorMeshMat.uasset" 82
"../../../Engine/Content/EditorLandscapeResources/SplineEditorMeshMat.uexp" 83
"../../../Engine/Content/EditorLandscapeResources/SplineEditorMesh.uasset" 84
"../../../Engine/Content/EditorLandscapeResources/SplineEditorMesh.uexp" 85
"../../../Engine/Content/EditorMeshes/EditorSphere.uasset" 86
"../../../Engine/Content/EditorMeshes/EditorSphere.uexp" 87
"../../../Engine/Content/EditorResources/S_Solver.ubulk" 88
"../../../Engine/Content/EditorResources/S_Solver.uasset" 89
"../../../Engine/Content/EditorResources/S_Solver.uexp" 90
"../../../Engine/Plugins/Media/MediaPlate/Content/SM_MediaPlateScreen.uasset" 91
"../../../Engine/Plugins/Media/MediaPlate/Content/SM_MediaPlateScreen.uexp" 92
"../../../Engine/Content/EngineMaterials/Good64x64TilingNoiseHighFreq.uasset" 93
"../../../Engine/Content/EngineMaterials/Good64x64TilingNoiseHighFreq.uexp" 94
"../../../Engine/Content/EngineMaterials/DefaultBokeh.uasset" 95
"../../../Engine/Content/EngineMaterials/DefaultBokeh.uexp" 96
"../../../Engine/Content/EngineMaterials/PreintegratedSkinBRDF.uasset" 97
"../../../Engine/Content/EngineMaterials/PreintegratedSkinBRDF.uexp" 98
"../../../Engine/Content/EngineMaterials/MiniFont.uasset" 99
"../../../Engine/Content/EngineMaterials/MiniFont.uexp" 100
"../../../Engine/Content/EngineMaterials/WeightMapPlaceholderTexture.uasset" 101
"../../../Engine/Content/EngineMaterials/WeightMapPlaceholderTexture.uexp" 102
"../../../Engine/Content/EngineMaterials/DefaultWhiteGrid.ubulk" 103
"../../../Engine/Content/EngineMaterials/DefaultWhiteGrid.uasset" 104
"../../../Engine/Content/EngineMaterials/DefaultWhiteGrid.uexp" 105
"../../../Engine/Content/EngineMaterials/DefaultMaterial.uasset" 106
"../../../Engine/Content/EngineMaterials/DefaultMaterial.uexp" 107
"../../../Engine/Content/BasicShapes/Sphere.uasset" 108
"../../../Engine/Content/BasicShapes/Sphere.uexp" 109
"../../../Engine/Content/BasicShapes/Plane.uasset" 110
"../../../Engine/Content/BasicShapes/Plane.uexp" 111
"../../../Engine/Content/BasicShapes/Cylinder.uasset" 112
"../../../Engine/Content/BasicShapes/Cylinder.uexp" 113
"../../../Engine/Content/BasicShapes/Cone.uasset" 114
"../../../Engine/Content/BasicShapes/Cone.uexp" 115
"../../../Engine/Plugins/Interchange/Runtime/Content/Pipelines/DefaultMaterialPipeline.uasset" 116
"../../../Engine/Plugins/Interchange/Runtime/Content/Pipelines/DefaultMaterialPipeline.uexp" 117
"../../../Engine/Content/Animation/DefaultRecorderBoneCompression.uasset" 118
"../../../Engine/Content/Animation/DefaultRecorderBoneCompression.uexp" 119
"../../../Engine/Content/Animation/DefaultAnimCurveCompressionSettings.uasset" 120
"../../../Engine/Content/Animation/DefaultAnimCurveCompressionSettings.uexp" 121
"../../../Engine/Content/Animation/DefaultAnimBoneCompressionSettings.uasset" 122
"../../../Engine/Content/Animation/DefaultAnimBoneCompressionSettings.uexp" 123
"C:/Epic/Projects/ToonTanks/Content/PlayerController/BP_ToonTanksPlayerController.uasset" 124
"C:/Epic/Projects/ToonTanks/Content/PlayerController/BP_ToonTanksPlayerController.uexp" 125
"C:/Epic/Projects/ToonTanks/Content/Blueprints/Widgets/WBP_StartGameWidget.uasset" 126
"C:/Epic/Projects/ToonTanks/Content/Blueprints/Widgets/WBP_StartGameWidget.uexp" 127
"C:/Epic/Projects/ToonTanks/Content/Assets/Textures/T_ColourGrid.ubulk" 128
"C:/Epic/Projects/ToonTanks/Content/Assets/Textures/T_ColourGrid.uasset" 129
"C:/Epic/Projects/ToonTanks/Content/Assets/Textures/T_ColourGrid.uexp" 130
"C:/Epic/Projects/ToonTanks/Content/Assets/Materials/M_TextureBase.uasset" 131
"C:/Epic/Projects/ToonTanks/Content/Assets/Materials/M_TextureBase.uexp" 132
"C:/Epic/Projects/ToonTanks/Content/Assets/Materials/M_Texture_Inst.uasset" 133
"C:/Epic/Projects/ToonTanks/Content/Assets/Materials/M_Texture_Inst.uexp" 134
"C:/Epic/Projects/ToonTanks/Content/Assets/Materials/M_EmissiveBase.uasset" 135
"C:/Epic/Projects/ToonTanks/Content/Assets/Materials/M_EmissiveBase.uexp" 136
"C:/Epic/Projects/ToonTanks/Content/Assets/Materials/M_EmissiveRed_Inst.uasset" 137
"C:/Epic/Projects/ToonTanks/Content/Assets/Materials/M_EmissiveRed_Inst.uexp" 138
"C:/Epic/Projects/ToonTanks/Content/Assets/Meshes/SM_Projectile.uasset" 139
"C:/Epic/Projects/ToonTanks/Content/Assets/Meshes/SM_Projectile.uexp" 140
"C:/Epic/Projects/ToonTanks/Content/Assets/Materials/M_ParticleBase.uasset" 141
"C:/Epic/Projects/ToonTanks/Content/Assets/Materials/M_ParticleBase.uexp" 142
"C:/Epic/Projects/ToonTanks/Content/Assets/Materials/M_Particle_Inst.uasset" 143
"C:/Epic/Projects/ToonTanks/Content/Assets/Materials/M_Particle_Inst.uexp" 144
"C:/Epic/Projects/ToonTanks/Content/Assets/Meshes/SM_Sphere.uasset" 145
"C:/Epic/Projects/ToonTanks/Content/Assets/Meshes/SM_Sphere.uexp" 146
"C:/Epic/Projects/ToonTanks/Content/Assets/Effects/P_HitEffect.uasset" 147
"C:/Epic/Projects/ToonTanks/Content/Assets/Effects/P_HitEffect.uexp" 148
"C:/Epic/Projects/ToonTanks/Content/Blueprints/Actors/BP_Projectile.uasset" 149
"C:/Epic/Projects/ToonTanks/Content/Blueprints/Actors/BP_Projectile.uexp" 150
"C:/Epic/Projects/ToonTanks/Content/Assets/Materials/M_EmissiveGreen_Inst.uasset" 151
"C:/Epic/Projects/ToonTanks/Content/Assets/Materials/M_EmissiveGreen_Inst.uexp" 152
"C:/Epic/Projects/ToonTanks/Content/Assets/Meshes/SM_TankBase.uasset" 153
"C:/Epic/Projects/ToonTanks/Content/Assets/Meshes/SM_TankBase.uexp" 154
"C:/Epic/Projects/ToonTanks/Content/Assets/Meshes/SM_TankTurret.uasset" 155
"C:/Epic/Projects/ToonTanks/Content/Assets/Meshes/SM_TankTurret.uexp" 156
"C:/Epic/Projects/ToonTanks/Content/Blueprints/Pawns/BP_BlueTank.uasset" 157
"C:/Epic/Projects/ToonTanks/Content/Blueprints/Pawns/BP_BlueTank.uexp" 158
"C:/Epic/Projects/ToonTanks/Content/Blueprints/Widgets/WBP_EndGameWidget.uasset" 159
"C:/Epic/Projects/ToonTanks/Content/Blueprints/Widgets/WBP_EndGameWidget.uexp" 160
"C:/Epic/Projects/ToonTanks/Content/GameMode/BP_ToonTanksGameMode.uasset" 161
"C:/Epic/Projects/ToonTanks/Content/GameMode/BP_ToonTanksGameMode.uexp" 162
"../../../Engine/Content/EditorLandscapeResources/DefaultAlphaTexture.uasset" 163
"../../../Engine/Content/EditorLandscapeResources/DefaultAlphaTexture.uexp" 164
"../../../Engine/Content/EditorLandscapeResources/DataLayer.uasset" 165
"../../../Engine/Content/EditorLandscapeResources/DataLayer.uexp" 166
"../../../Engine/Content/EditorMaterials/PreviewShadowIndicator.ubulk" 167
"../../../Engine/Content/EditorMaterials/PreviewShadowIndicator.uasset" 168
"../../../Engine/Content/EditorMaterials/PreviewShadowIndicator.uexp" 169
"../../../Engine/Content/EditorMaterials/PreviewShadowIndicatorMaterial.uasset" 170
"../../../Engine/Content/EditorMaterials/PreviewShadowIndicatorMaterial.uexp" 171
"../../../Engine/Content/EditorMaterials/PhAT_UnselectedMaterial.uasset" 172
"../../../Engine/Content/EditorMaterials/PhAT_UnselectedMaterial.uexp" 173
"../../../Engine/Content/EditorMaterials/PhAT_NoCollisionMaterial.uasset" 174
"../../../Engine/Content/EditorMaterials/PhAT_NoCollisionMaterial.uexp" 175
"../../../Engine/Content/Functions/Engine_MaterialFunctions02/Utility/MakeFloat4.uasset" 176
"../../../Engine/Content/Functions/Engine_MaterialFunctions02/Utility/MakeFloat4.uexp" 177
"../../../Engine/Content/Functions/Engine_MaterialFunctions02/Utility/MakeFloat3.uasset" 178
"../../../Engine/Content/Functions/Engine_MaterialFunctions02/Utility/MakeFloat3.uexp" 179
"../../../Engine/Content/Functions/Engine_MaterialFunctions02/Utility/BreakOutFloat3Components.uasset" 180
"../../../Engine/Content/Functions/Engine_MaterialFunctions02/Utility/BreakOutFloat3Components.uexp" 181
"../../../Engine/Content/EditorMaterials/WorldPartition/WorldPartitionSpatialHashGridPreviewMaterial.uasset" 182
"../../../Engine/Content/EditorMaterials/WorldPartition/WorldPartitionSpatialHashGridPreviewMaterial.uexp" 183
"../../../Engine/Content/EditorResources/S_Terrain.ubulk" 184
"../../../Engine/Content/EditorResources/S_Terrain.uasset" 185
"../../../Engine/Content/EditorResources/S_Terrain.uexp" 186
"../../../Engine/Content/EditorResources/EmptyActor.uasset" 187
"../../../Engine/Content/EditorResources/EmptyActor.uexp" 188
"../../../Engine/Content/EditorResources/BSPVertex.uasset" 189
"../../../Engine/Content/EditorResources/BSPVertex.uexp" 190
"../../../Engine/Content/EditorResources/LightIcons/S_LightError.uasset" 191
"../../../Engine/Content/EditorResources/LightIcons/S_LightError.uexp" 192
"../../../Engine/Content/EditorResources/SequenceRecorder/RecordingIndicator.uasset" 193
"../../../Engine/Content/EditorResources/SequenceRecorder/RecordingIndicator.uexp" 194
"../../../Engine/Content/EditorResources/SequenceRecorder/Countdown.uasset" 195
"../../../Engine/Content/EditorResources/SequenceRecorder/Countdown.uexp" 196
"../../../Engine/Content/EngineDamageTypes/DmgTypeBP_Environmental.uasset" 197
"../../../Engine/Content/EngineDamageTypes/DmgTypeBP_Environmental.uexp" 198
"../../../Engine/Plugins/Interchange/Runtime/Content/Pipelines/DefaultAssetsPipeline.uasset" 199
"../../../Engine/Plugins/Interchange/Runtime/Content/Pipelines/DefaultAssetsPipeline.uexp" 200
"../../../Engine/Content/Functions/Engine_MaterialFunctions02/Utility/CameraDirectionVector.uasset" 201
"../../../Engine/Content/Functions/Engine_MaterialFunctions02/Utility/CameraDirectionVector.uexp" 202
"../../../Engine/Content/EngineDebugMaterials/VolumeToRender.uasset" 203
"../../../Engine/Content/EngineDebugMaterials/VolumeToRender.uexp" 204
"../../../Engine/Content/EngineDebugMaterials/M_VolumeRenderSphereTracePP.uasset" 205
"../../../Engine/Content/EngineDebugMaterials/M_VolumeRenderSphereTracePP.uexp" 206
"../../../Engine/Content/EngineDebugMaterials/M_SimpleUnlitTranslucent.uasset" 207
"../../../Engine/Content/EngineDebugMaterials/M_SimpleUnlitTranslucent.uexp" 208
"../../../Engine/Content/EngineDebugMaterials/DebugMeshMaterial.uasset" 209
"../../../Engine/Content/EngineDebugMaterials/DebugMeshMaterial.uexp" 210
"../../../Engine/Content/EngineDebugMaterials/DebugEditorMaterial.uasset" 211
"../../../Engine/Content/EngineDebugMaterials/DebugEditorMaterial.uexp" 212
"../../../Engine/Content/EngineFonts/Faces/RobotoLight.uexp" 213
"../../../Engine/Content/EngineFonts/Faces/RobotoLight.uasset" 214
"../../../Engine/Content/EngineFonts/Faces/RobotoLight.ufont" 215
"../../../Engine/Content/EngineFonts/Faces/RobotoBold.uexp" 216
"../../../Engine/Content/EngineFonts/Faces/RobotoBold.uasset" 217
"../../../Engine/Content/EngineFonts/Faces/RobotoBold.ufont" 218
"../../../Engine/Content/EngineFonts/Faces/RobotoRegular.uexp" 219
"../../../Engine/Content/EngineFonts/Faces/RobotoRegular.uasset" 220
"../../../Engine/Content/EngineFonts/Faces/RobotoRegular.ufont" 221
"../../../Engine/Content/EngineFonts/Faces/DroidSansFallback.uexp" 222
"../../../Engine/Content/EngineFonts/Faces/DroidSansFallback.uasset" 223
"../../../Engine/Content/EngineFonts/Faces/DroidSansFallback.ufont" 224
"../../../Engine/Content/EngineFonts/Faces/RobotoItalic.uexp" 225
"../../../Engine/Content/EngineFonts/Faces/RobotoItalic.uasset" 226
"../../../Engine/Content/EngineFonts/Faces/RobotoItalic.ufont" 227
"../../../Engine/Content/EngineFonts/Faces/RobotoBoldItalic.uexp" 228
"../../../Engine/Content/EngineFonts/Faces/RobotoBoldItalic.uasset" 229
"../../../Engine/Content/EngineFonts/Faces/RobotoBoldItalic.ufont" 230
"../../../Engine/Content/EngineFonts/Roboto.uasset" 231
"../../../Engine/Content/EngineFonts/Roboto.uexp" 232
"../../../Engine/Content/EngineResources/WhiteSquareTexture.uasset" 233
"../../../Engine/Content/EngineResources/WhiteSquareTexture.uexp" 234
"../../../Engine/Content/EngineMaterials/Widget3DPassThrough.uasset" 235
"../../../Engine/Content/EngineMaterials/Widget3DPassThrough.uexp" 236
"../../../Engine/Content/EngineMaterials/Widget3DPassThrough_Translucent.uasset" 237
"../../../Engine/Content/EngineMaterials/Widget3DPassThrough_Translucent.uexp" 238
"../../../Engine/Content/EngineMaterials/Widget3DPassThrough_Translucent_OneSided.uasset" 239
"../../../Engine/Content/EngineMaterials/Widget3DPassThrough_Translucent_OneSided.uexp" 240
"../../../Engine/Content/EngineMaterials/Widget3DPassThrough_Opaque.uasset" 241
"../../../Engine/Content/EngineMaterials/Widget3DPassThrough_Opaque.uexp" 242
"../../../Engine/Content/EngineMaterials/Widget3DPassThrough_Opaque_OneSided.uasset" 243
"../../../Engine/Content/EngineMaterials/Widget3DPassThrough_Opaque_OneSided.uexp" 244
"../../../Engine/Content/EngineMaterials/Widget3DPassThrough_Masked_OneSided.uasset" 245
"../../../Engine/Content/EngineMaterials/Widget3DPassThrough_Masked_OneSided.uexp" 246
"../../../Engine/Content/EngineMaterials/Widget3DPassThrough_Masked.uasset" 247
"../../../Engine/Content/EngineMaterials/Widget3DPassThrough_Masked.uexp" 248
"../../../Engine/Plugins/Runtime/MeshModelingToolset/Content/Materials/M_DynamicMeshComponentVtxColor.uasset" 249
"../../../Engine/Plugins/Runtime/MeshModelingToolset/Content/Materials/M_DynamicMeshComponentVtxColor.uexp" 250
"../../../Engine/Content/EngineMaterials/STBlueNoise_vec2_128x128x64.uasset" 251
"../../../Engine/Content/EngineMaterials/STBlueNoise_vec2_128x128x64.uexp" 252
"../../../Engine/Content/EngineMaterials/STBlueNoise_scalar_128x128x64.uasset" 253
"../../../Engine/Content/EngineMaterials/STBlueNoise_scalar_128x128x64.uexp" 254
"../../../Engine/Content/EngineMaterials/RemoveSurfaceMaterial.uasset" 255
"../../../Engine/Content/EngineMaterials/RemoveSurfaceMaterial.uexp" 256
"../../../Engine/Plugins/Interchange/Runtime/Content/gltf/Textures/T_Gray_Linear.uasset" 257
"../../../Engine/Plugins/Interchange/Runtime/Content/gltf/Textures/T_Gray_Linear.uexp" 258
"../../../Engine/Content/EngineMaterials/DefaultCalibrationGrayscale.uasset" 259
"../../../Engine/Content/EngineMaterials/DefaultCalibrationGrayscale.uexp" 260
"../../../Engine/Content/EngineMaterials/PPM_DefaultCalibrationGrayscale.uasset" 261
"../../../Engine/Content/EngineMaterials/PPM_DefaultCalibrationGrayscale.uexp" 262
"../../../Engine/Content/EngineMaterials/DefaultCalibrationColor.uasset" 263
"../../../Engine/Content/EngineMaterials/DefaultCalibrationColor.uexp" 264
"../../../Engine/Content/EngineMaterials/PPM_DefaultCalibrationColor.uasset" 265
"../../../Engine/Content/EngineMaterials/PPM_DefaultCalibrationColor.uexp" 266
"../../../Engine/Content/Functions/Engine_MaterialFunctions02/WorldPositionOffset/CameraOffset.uasset" 267
"../../../Engine/Content/Functions/Engine_MaterialFunctions02/WorldPositionOffset/CameraOffset.uexp" 268
"../../../Engine/Content/EngineMaterials/PhAT_JointLimitMaterial.uasset" 269
"../../../Engine/Content/EngineMaterials/PhAT_JointLimitMaterial.uexp" 270
"../../../Engine/Content/EngineMaterials/InvalidLightmapSettings.ubulk" 271
"../../../Engine/Content/EngineMaterials/InvalidLightmapSettings.uasset" 272
"../../../Engine/Content/EngineMaterials/InvalidLightmapSettings.uexp" 273
"../../../Engine/Content/EngineMaterials/M_InvalidLightmapSettings.uasset" 274
"../../../Engine/Content/EngineMaterials/M_InvalidLightmapSettings.uexp" 275
"../../../Engine/Plugins/Interchange/Runtime/Content/gltf/Textures/T_Black_srgb.uasset" 276
"../../../Engine/Plugins/Interchange/Runtime/Content/gltf/Textures/T_Black_srgb.uexp" 277
"../../../Engine/Content/EngineMaterials/GizmoMaterial.uasset" 278
"../../../Engine/Content/EngineMaterials/GizmoMaterial.uexp" 279
"../../../Engine/Content/EngineMaterials/BaseFlattenEmissiveMap_VT.uasset" 280
"../../../Engine/Content/EngineMaterials/BaseFlattenEmissiveMap_VT.uexp" 281
"../../../Engine/Content/EngineMaterials/BaseFlattenGrayscaleMap_VT.uasset" 282
"../../../Engine/Content/EngineMaterials/BaseFlattenGrayscaleMap_VT.uexp" 283
"../../../Engine/Content/EngineMaterials/BaseFlattenLinearColor_VT.uasset" 284
"../../../Engine/Content/EngineMaterials/BaseFlattenLinearColor_VT.uexp" 285
"../../../Engine/Content/EngineMaterials/Black_1x1_EXR_Texture_VT.uasset" 286
"../../../Engine/Content/EngineMaterials/Black_1x1_EXR_Texture_VT.uexp" 287
"../../../Engine/Content/EngineMaterials/BaseFlattenDiffuseMap_VT.uasset" 288
"../../../Engine/Content/EngineMaterials/BaseFlattenDiffuseMap_VT.uexp" 289
"../../../Engine/Content/EngineMaterials/BaseFlattenNormalMap_VT.uasset" 290
"../../../Engine/Content/EngineMaterials/BaseFlattenNormalMap_VT.uexp" 291
"../../../Engine/Content/EngineMaterials/FlattenMaterial_WS_Normal_VT.uasset" 292
"../../../Engine/Content/EngineMaterials/FlattenMaterial_WS_Normal_VT.uexp" 293
"../../../Engine/Content/EngineMaterials/FlattenMaterial_VT.uasset" 294
"../../../Engine/Content/EngineMaterials/FlattenMaterial_VT.uexp" 295
"../../../Engine/Content/EngineMaterials/BaseFlattenNormalMap.uasset" 296
"../../../Engine/Content/EngineMaterials/BaseFlattenNormalMap.uexp" 297
"../../../Engine/Content/EngineMaterials/BaseFlattenGrayscaleMap.uasset" 298
"../../../Engine/Content/EngineMaterials/BaseFlattenGrayscaleMap.uexp" 299
"../../../Engine/Content/EngineMaterials/BaseFlattenDiffuseMap.uasset" 300
"../../../Engine/Content/EngineMaterials/BaseFlattenDiffuseMap.uexp" 301
"../../../Engine/Content/Functions/Engine_MaterialFunctions02/PivotPainter2/Black_1x1_EXR_Texture.uasset" 302
"../../../Engine/Content/Functions/Engine_MaterialFunctions02/PivotPainter2/Black_1x1_EXR_Texture.uexp" 303
"../../../Engine/Content/EngineMaterials/BaseFlattenEmissiveMap.uasset" 304
"../../../Engine/Content/EngineMaterials/BaseFlattenEmissiveMap.uexp" 305
"../../../Engine/Content/EngineMaterials/BaseFlattenLinearColor.uasset" 306
"../../../Engine/Content/EngineMaterials/BaseFlattenLinearColor.uexp" 307
"../../../Engine/Content/EngineMaterials/FlattenMaterial.uasset" 308
"../../../Engine/Content/EngineMaterials/FlattenMaterial.uexp" 309
"../../../Engine/Content/EngineMaterials/DefaultWhiteGrid_Low.uasset" 310
"../../../Engine/Content/EngineMaterials/DefaultWhiteGrid_Low.uexp" 311
"../../../Engine/Content/EngineMaterials/EmissiveMeshMaterial.uasset" 312
"../../../Engine/Content/EngineMaterials/EmissiveMeshMaterial.uexp" 313
"../../../Engine/Plugins/Interchange/Runtime/Content/Materials/MapOrLinearColorFunction.uasset" 314
"../../../Engine/Plugins/Interchange/Runtime/Content/Materials/MapOrLinearColorFunction.uexp" 315
"../../../Engine/Content/EngineMaterials/DefaultNormal.ubulk" 316
"../../../Engine/Content/EngineMaterials/DefaultNormal.uasset" 317
"../../../Engine/Content/EngineMaterials/DefaultNormal.uexp" 318
"../../../Engine/Plugins/Interchange/Runtime/Content/Materials/MapOrScalarFunction.uasset" 319
"../../../Engine/Plugins/Interchange/Runtime/Content/Materials/MapOrScalarFunction.uexp" 320
"../../../Engine/Plugins/Interchange/Runtime/Content/Materials/MapOrColorFunction.uasset" 321
"../../../Engine/Plugins/Interchange/Runtime/Content/Materials/MapOrColorFunction.uexp" 322
"../../../Engine/Plugins/Interchange/Runtime/Content/Materials/CommonMaterial.uasset" 323
"../../../Engine/Plugins/Interchange/Runtime/Content/Materials/CommonMaterial.uexp" 324
"../../../Engine/Plugins/Interchange/Runtime/Content/Materials/PBRSurfaceFunction.uasset" 325
"../../../Engine/Plugins/Interchange/Runtime/Content/Materials/PBRSurfaceFunction.uexp" 326
"../../../Engine/Plugins/Interchange/Runtime/Content/Materials/ClearCoatMaterial.uasset" 327
"../../../Engine/Plugins/Interchange/Runtime/Content/Materials/ClearCoatMaterial.uexp" 328
"../../../Engine/Plugins/Interchange/Runtime/Content/gltf/MaterialFunctions/MF_RotateV2.uasset" 329
"../../../Engine/Plugins/Interchange/Runtime/Content/gltf/MaterialFunctions/MF_RotateV2.uexp" 330
"../../../Engine/Plugins/Interchange/Runtime/Content/gltf/MaterialFunctions/MF_TransformUVs.uasset" 331
"../../../Engine/Plugins/Interchange/Runtime/Content/gltf/MaterialFunctions/MF_TransformUVs.uexp" 332
"../../../Engine/Plugins/Interchange/Runtime/Content/gltf/Textures/T_White_srgb.uasset" 333
"../../../Engine/Plugins/Interchange/Runtime/Content/gltf/Textures/T_White_srgb.uexp" 334
"../../../Engine/Plugins/Interchange/Runtime/Content/gltf/MaterialFunctions/MF_BaseColor.uasset" 335
"../../../Engine/Plugins/Interchange/Runtime/Content/gltf/MaterialFunctions/MF_BaseColor.uexp" 336
"../../../Engine/Plugins/Interchange/Runtime/Content/gltf/MaterialFunctions/MF_DiffuseSpecGloss.uasset" 337
"../../../Engine/Plugins/Interchange/Runtime/Content/gltf/MaterialFunctions/MF_DiffuseSpecGloss.uexp" 338
"../../../Engine/Plugins/Interchange/Runtime/Content/gltf/Textures/T_White_Linear.uasset" 339
"../../../Engine/Plugins/Interchange/Runtime/Content/gltf/Textures/T_White_Linear.uexp" 340
"../../../Engine/Plugins/Interchange/Runtime/Content/gltf/MaterialFunctions/MF_MetallicRoughness.uasset" 341
"../../../Engine/Plugins/Interchange/Runtime/Content/gltf/MaterialFunctions/MF_MetallicRoughness.uexp" 342
"../../../Engine/Content/Functions/Engine_MaterialFunctions02/Math/Transform3x3Matrix.uasset" 343
"../../../Engine/Content/Functions/Engine_MaterialFunctions02/Math/Transform3x3Matrix.uexp" 344
"../../../Engine/Plugins/Interchange/Runtime/Content/gltf/MaterialFunctions/MF_RotateNormals_TS.uasset" 345
"../../../Engine/Plugins/Interchange/Runtime/Content/gltf/MaterialFunctions/MF_RotateNormals_TS.uexp" 346
"../../../Engine/Plugins/Interchange/Runtime/Content/gltf/Textures/T_Generic_N.uasset" 347
"../../../Engine/Plugins/Interchange/Runtime/Content/gltf/Textures/T_Generic_N.uexp" 348
"../../../Engine/Plugins/Interchange/Runtime/Content/gltf/MaterialFunctions/MF_Clearcoat.uasset" 349
"../../../Engine/Plugins/Interchange/Runtime/Content/gltf/MaterialFunctions/MF_Clearcoat.uexp" 350
"../../../Engine/Plugins/Interchange/Runtime/Content/gltf/MaterialFunctions/MF_Occlusion.uasset" 351
"../../../Engine/Plugins/Interchange/Runtime/Content/gltf/MaterialFunctions/MF_Occlusion.uexp" 352
"../../../Engine/Plugins/Interchange/Runtime/Content/gltf/MaterialFunctions/MF_Emissive.uasset" 353
"../../../Engine/Plugins/Interchange/Runtime/Content/gltf/MaterialFunctions/MF_Emissive.uexp" 354
"../../../Engine/Plugins/Interchange/Runtime/Content/gltf/MaterialFunctions/MF_Specular.uasset" 355
"../../../Engine/Plugins/Interchange/Runtime/Content/gltf/MaterialFunctions/MF_Specular.uexp" 356
"../../../Engine/Plugins/Interchange/Runtime/Content/gltf/MaterialFunctions/MF_IOR.uasset" 357
"../../../Engine/Plugins/Interchange/Runtime/Content/gltf/MaterialFunctions/MF_IOR.uexp" 358
"../../../Engine/Content/Functions/Engine_MaterialFunctions01/Texturing/FlattenNormal.uasset" 359
"../../../Engine/Content/Functions/Engine_MaterialFunctions01/Texturing/FlattenNormal.uexp" 360
"../../../Engine/Plugins/Interchange/Runtime/Content/gltf/MaterialFunctions/MF_Normals.uasset" 361
"../../../Engine/Plugins/Interchange/Runtime/Content/gltf/MaterialFunctions/MF_Normals.uexp" 362
"../../../Engine/Content/Functions/Engine_MaterialFunctions02/Math/AddComponents.uasset" 363
"../../../Engine/Content/Functions/Engine_MaterialFunctions02/Math/AddComponents.uexp" 364
"../../../Engine/Plugins/Interchange/Runtime/Content/gltf/MaterialFunctions/MF_PerceivedBrightness.uasset" 365
"../../../Engine/Plugins/Interchange/Runtime/Content/gltf/MaterialFunctions/MF_PerceivedBrightness.uexp" 366
"../../../Engine/Plugins/Interchange/Runtime/Content/gltf/MaterialFunctions/MF_SpecGlossToMetalRoughness.uasset" 367
"../../../Engine/Plugins/Interchange/Runtime/Content/gltf/MaterialFunctions/MF_SpecGlossToMetalRoughness.uexp" 368
"../../../Engine/Plugins/Interchange/Runtime/Content/gltf/M_Opaque.uasset" 369
"../../../Engine/Plugins/Interchange/Runtime/Content/gltf/M_Opaque.uexp" 370
"../../../Engine/Plugins/Interchange/Runtime/Content/gltf/MaterialInstances_SG/MI_Opaque.uasset" 371
"../../../Engine/Plugins/Interchange/Runtime/Content/gltf/MaterialInstances_SG/MI_Opaque.uexp" 372
"../../../Engine/Content/EngineFonts/RobotoDistanceField.uasset" 373
"../../../Engine/Content/EngineFonts/RobotoDistanceField.uexp" 374
"../../../Engine/Content/EngineMaterials/DefaultTextMaterialOpaque.uasset" 375
"../../../Engine/Content/EngineMaterials/DefaultTextMaterialOpaque.uexp" 376
"../../../Engine/Content/EngineMaterials/DefaultDiffuse.ubulk" 377
"../../../Engine/Content/EngineMaterials/DefaultDiffuse.uasset" 378
"../../../Engine/Content/EngineMaterials/DefaultDiffuse.uexp" 379
"../../../Engine/Content/Functions/Engine_MaterialFunctions02/Utility/BreakOutFloat2Components.uasset" 380
"../../../Engine/Content/Functions/Engine_MaterialFunctions02/Utility/BreakOutFloat2Components.uexp" 381
"../../../Engine/Content/EngineMaterials/DefaultPostProcessMaterial.uasset" 382
"../../../Engine/Content/EngineMaterials/DefaultPostProcessMaterial.uexp" 383
"../../../Engine/Content/EngineMaterials/DefaultPhysicalMaterial.uasset" 384
"../../../Engine/Content/EngineMaterials/DefaultPhysicalMaterial.uexp" 385
"../../../Engine/Content/EngineMaterials/DefaultLightFunctionMaterial.uasset" 386
"../../../Engine/Content/EngineMaterials/DefaultLightFunctionMaterial.uexp" 387
"../../../Engine/Content/EngineMaterials/DefaultDestructiblePhysicalMaterial.uasset" 388
"../../../Engine/Content/EngineMaterials/DefaultDestructiblePhysicalMaterial.uexp" 389
"../../../Engine/Content/EngineMaterials/DefaultDeferredDecalMaterial.uasset" 390
"../../../Engine/Content/EngineMaterials/DefaultDeferredDecalMaterial.uexp" 391
"../../../Engine/Content/EngineMaterials/DefaultBloomKernel.uasset" 392
"../../../Engine/Content/EngineMaterials/DefaultBloomKernel.uexp" 393
"../../../Engine/Plugins/Interchange/Runtime/Content/Materials/UnlitMaterial.uasset" 394
"../../../Engine/Plugins/Interchange/Runtime/Content/Materials/UnlitMaterial.uexp" 395
"../../../Engine/Plugins/Interchange/Runtime/Content/Materials/ThinTranslucentMaterial.uasset" 396
"../../../Engine/Plugins/Interchange/Runtime/Content/Materials/ThinTranslucentMaterial.uexp" 397
"../../../Engine/Content/EngineMaterials/FlatNormal.uasset" 398
"../../../Engine/Content/EngineMaterials/FlatNormal.uexp" 399
"../../../Engine/Plugins/Interchange/Runtime/Content/Functions/MF_OrenNayerView.uasset" 400
"../../../Engine/Plugins/Interchange/Runtime/Content/Functions/MF_OrenNayerView.uexp" 401
"../../../Engine/Content/EditorLandscapeResources/WhiteSquareTexture.uasset" 402
"../../../Engine/Content/EditorLandscapeResources/WhiteSquareTexture.uexp" 403
"../../../Engine/Plugins/Interchange/Runtime/Content/Functions/MF_SchlickApprox.uasset" 404
"../../../Engine/Plugins/Interchange/Runtime/Content/Functions/MF_SchlickApprox.uexp" 405
"../../../Engine/Plugins/Interchange/Runtime/Content/Utilities/New_LUT.uasset" 406
"../../../Engine/Plugins/Interchange/Runtime/Content/Utilities/New_LUT.uexp" 407
"../../../Engine/Content/Functions/Engine_MaterialFunctions03/Math/RemapValueRange.uasset" 408
"../../../Engine/Content/Functions/Engine_MaterialFunctions03/Math/RemapValueRange.uexp" 409
"../../../Engine/Plugins/Interchange/Runtime/Content/Functions/MF_Iridescence.uasset" 410
"../../../Engine/Plugins/Interchange/Runtime/Content/Functions/MF_Iridescence.uexp" 411
"../../../Engine/Plugins/Interchange/Runtime/Content/Materials/OrenNayerMaterial.uasset" 412
"../../../Engine/Plugins/Interchange/Runtime/Content/Materials/OrenNayerMaterial.uexp" 413
"../../../Engine/Plugins/Interchange/Runtime/Content/Materials/SubsurfaceMaterial.uasset" 414
"../../../Engine/Plugins/Interchange/Runtime/Content/Materials/SubsurfaceMaterial.uexp" 415
"../../../Engine/Plugins/Interchange/Runtime/Content/Materials/SheenMaterial.uasset" 416
"../../../Engine/Plugins/Interchange/Runtime/Content/Materials/SheenMaterial.uexp" 417
"../../../Engine/Content/Functions/Engine_MaterialFunctions01/Shading/ConvertFromDiffSpec.uasset" 418
"../../../Engine/Content/Functions/Engine_MaterialFunctions01/Shading/ConvertFromDiffSpec.uexp" 419
"../../../Engine/Plugins/Interchange/Runtime/Content/Materials/PhongSurfaceMaterial.uasset" 420
"../../../Engine/Plugins/Interchange/Runtime/Content/Materials/PhongSurfaceMaterial.uexp" 421
"../../../Engine/Plugins/Interchange/Runtime/Content/Materials/PBRSurfaceMaterial.uasset" 422
"../../../Engine/Plugins/Interchange/Runtime/Content/Materials/PBRSurfaceMaterial.uexp" 423
"../../../Engine/Plugins/Interchange/Runtime/Content/Materials/LambertSurfaceMaterial.uasset" 424
"../../../Engine/Plugins/Interchange/Runtime/Content/Materials/LambertSurfaceMaterial.uexp" 425
"../../../Engine/Content/EngineResources/FilmGrains/Marcie_Grain_v3_128_M2_000.uasset" 426
"../../../Engine/Content/EngineResources/FilmGrains/Marcie_Grain_v3_128_M2_000.uexp" 427
"../../../Engine/Content/EngineSky/VolumetricClouds/CloudWeatherTexture.uasset" 428
"../../../Engine/Content/EngineSky/VolumetricClouds/CloudWeatherTexture.uexp" 429
"../../../Engine/Content/Functions/Engine_MaterialFunctions02/Utility/MakeFloat2.uasset" 430
"../../../Engine/Content/Functions/Engine_MaterialFunctions02/Utility/MakeFloat2.uexp" 431
"../../../Engine/Content/EngineSky/VolumetricClouds/CloudGradientTexture.uasset" 432
"../../../Engine/Content/EngineSky/VolumetricClouds/CloudGradientTexture.uexp" 433
"../../../Engine/Content/EngineSky/VolumetricClouds/T_NoiseShape64.ubulk" 434
"../../../Engine/Content/EngineSky/VolumetricClouds/T_NoiseShape64.uasset" 435
"../../../Engine/Content/EngineSky/VolumetricClouds/T_NoiseShape64.uexp" 436
"../../../Engine/Content/EngineSky/VolumetricClouds/T_VolumeNoiseShape64.uasset" 437
"../../../Engine/Content/EngineSky/VolumetricClouds/T_VolumeNoiseShape64.uexp" 438
"../../../Engine/Content/EngineSky/VolumetricClouds/T_NoiseErosion.ubulk" 439
"../../../Engine/Content/EngineSky/VolumetricClouds/T_NoiseErosion.uasset" 440
"../../../Engine/Content/EngineSky/VolumetricClouds/T_NoiseErosion.uexp" 441
"../../../Engine/Content/EngineSky/VolumetricClouds/T_VolumeNoiseErosion32.uasset" 442
"../../../Engine/Content/EngineSky/VolumetricClouds/T_VolumeNoiseErosion32.uexp" 443
"../../../Engine/Content/EngineSky/VolumetricClouds/m_SimpleVolumetricCloud.uasset" 444
"../../../Engine/Content/EngineSky/VolumetricClouds/m_SimpleVolumetricCloud.uexp" 445
"../../../Engine/Content/EngineSky/VolumetricClouds/m_SimpleVolumetricCloud_Inst.uasset" 446
"../../../Engine/Content/EngineSky/VolumetricClouds/m_SimpleVolumetricCloud_Inst.uexp" 447
"../../../Engine/Content/EngineSounds/Master.uasset" 448
"../../../Engine/Content/EngineSounds/Master.uexp" 449
"../../../Engine/Content/Functions/Engine_MaterialFunctions01/Shading/PowerToRoughness.uasset" 450
"../../../Engine/Content/Functions/Engine_MaterialFunctions01/Shading/PowerToRoughness.uexp" 451
"../../../Engine/Content/MobileResources/HUD/VirtualJoystick_Background.uasset" 452
"../../../Engine/Content/MobileResources/HUD/VirtualJoystick_Background.uexp" 453
"../../../Engine/Content/MobileResources/HUD/VirtualJoystick_Thumb.uasset" 454
"../../../Engine/Content/MobileResources/HUD/VirtualJoystick_Thumb.uexp" 455
"../../../Engine/Content/MobileResources/HUD/DefaultVirtualJoysticks.uasset" 456
"../../../Engine/Content/MobileResources/HUD/DefaultVirtualJoysticks.uexp" 457
"../../../Engine/Plugins/2D/Paper2D/Content/PlaceholderTextures/DummySpriteTexture.ubulk" 458
"../../../Engine/Plugins/2D/Paper2D/Content/PlaceholderTextures/DummySpriteTexture.uasset" 459
"../../../Engine/Plugins/2D/Paper2D/Content/PlaceholderTextures/DummySpriteTexture.uexp" 460
"../../../Engine/Plugins/2D/Paper2D/Content/DefaultSpriteMaterial.uasset" 461
"../../../Engine/Plugins/2D/Paper2D/Content/DefaultSpriteMaterial.uexp" 462
"../../../Engine/Plugins/2D/Paper2D/Content/OpaqueUnlitSpriteMaterial.uasset" 463
"../../../Engine/Plugins/2D/Paper2D/Content/OpaqueUnlitSpriteMaterial.uexp" 464
"../../../Engine/Plugins/2D/Paper2D/Content/MaskedUnlitSpriteMaterial.uasset" 465
"../../../Engine/Plugins/2D/Paper2D/Content/MaskedUnlitSpriteMaterial.uexp" 466
"../../../Engine/Plugins/2D/Paper2D/Content/DummySprite.uasset" 467
"../../../Engine/Plugins/2D/Paper2D/Content/DummySprite.uexp" 468
"../../../Engine/Plugins/2D/Paper2D/Content/DefaultPaperTerrainMaterial.uasset" 469
"../../../Engine/Plugins/2D/Paper2D/Content/DefaultPaperTerrainMaterial.uexp" 470
"../../../Engine/Plugins/Animation/ControlRig/Content/M_Manip.uasset" 471
"../../../Engine/Plugins/Animation/ControlRig/Content/M_Manip.uexp" 472
"../../../Engine/Plugins/Animation/ControlRig/Content/Controls/DefaultGizmoLibraryNormalized.uasset" 473
"../../../Engine/Plugins/Animation/ControlRig/Content/Controls/DefaultGizmoLibraryNormalized.uexp" 474
"../../../Engine/Plugins/Animation/ControlRig/Content/Controls/ControlRig_Wedge_solid.uasset" 475
"../../../Engine/Plugins/Animation/ControlRig/Content/Controls/ControlRig_Wedge_solid.uexp" 476
"../../../Engine/Plugins/Animation/ControlRig/Content/Controls/ControlRig_Wedge_3mm.uasset" 477
"../../../Engine/Plugins/Animation/ControlRig/Content/Controls/ControlRig_Wedge_3mm.uexp" 478
"../../../Engine/Plugins/Animation/ControlRig/Content/Controls/ControlRig_Wedge_1mm.uasset" 479
"../../../Engine/Plugins/Animation/ControlRig/Content/Controls/ControlRig_Wedge_1mm.uexp" 480
"../../../Engine/Plugins/Animation/ControlRig/Content/Controls/ControlRig_Triangle_solid.uasset" 481
"../../../Engine/Plugins/Animation/ControlRig/Content/Controls/ControlRig_Triangle_solid.uexp" 482
"../../../Engine/Plugins/Animation/ControlRig/Content/Controls/ControlRig_Triangle_3mm.uasset" 483
"../../../Engine/Plugins/Animation/ControlRig/Content/Controls/ControlRig_Triangle_3mm.uexp" 484
"../../../Engine/Plugins/Animation/ControlRig/Content/Controls/ControlRig_Triangle_1mm.uasset" 485
"../../../Engine/Plugins/Animation/ControlRig/Content/Controls/ControlRig_Triangle_1mm.uexp" 486
"../../../Engine/Plugins/Animation/ControlRig/Content/Controls/ControlRig_Star4_solid.uasset" 487
"../../../Engine/Plugins/Animation/ControlRig/Content/Controls/ControlRig_Star4_solid.uexp" 488
"../../../Engine/Plugins/Animation/ControlRig/Content/Controls/ControlRig_Star4_3mm.uasset" 489
"../../../Engine/Plugins/Animation/ControlRig/Content/Controls/ControlRig_Star4_3mm.uexp" 490
"../../../Engine/Plugins/Animation/ControlRig/Content/Controls/ControlRig_Star4_1mm.uasset" 491
"../../../Engine/Plugins/Animation/ControlRig/Content/Controls/ControlRig_Star4_1mm.uexp" 492
"../../../Engine/Plugins/Animation/ControlRig/Content/Controls/ControlRig_Square_solid.uasset" 493
"../../../Engine/Plugins/Animation/ControlRig/Content/Controls/ControlRig_Square_solid.uexp" 494
"../../../Engine/Plugins/Animation/ControlRig/Content/Controls/ControlRig_Square_3mm.uasset" 495
"../../../Engine/Plugins/Animation/ControlRig/Content/Controls/ControlRig_Square_3mm.uexp" 496
"../../../Engine/Plugins/Animation/ControlRig/Content/Controls/ControlRig_Square_1mm.uasset" 497
"../../../Engine/Plugins/Animation/ControlRig/Content/Controls/ControlRig_Square_1mm.uexp" 498
"../../../Engine/Plugins/Animation/ControlRig/Content/Controls/ControlRig_Sphere_solid.uasset" 499
"../../../Engine/Plugins/Animation/ControlRig/Content/Controls/ControlRig_Sphere_solid.uexp" 500
"../../../Engine/Plugins/Animation/ControlRig/Content/Controls/ControlRig_Sphere_3mm.uasset" 501
"../../../Engine/Plugins/Animation/ControlRig/Content/Controls/ControlRig_Sphere_3mm.uexp" 502
"../../../Engine/Plugins/Animation/ControlRig/Content/Controls/ControlRig_Sphere_1mm.uasset" 503
"../../../Engine/Plugins/Animation/ControlRig/Content/Controls/ControlRig_Sphere_1mm.uexp" 504
"../../../Engine/Plugins/Animation/ControlRig/Content/Controls/ControlRig_RoundedTriangle_solid.uasset" 505
"../../../Engine/Plugins/Animation/ControlRig/Content/Controls/ControlRig_RoundedTriangle_solid.uexp" 506
"../../../Engine/Plugins/Animation/ControlRig/Content/Controls/ControlRig_RoundedTriangle_3mm.uasset" 507
"../../../Engine/Plugins/Animation/ControlRig/Content/Controls/ControlRig_RoundedTriangle_3mm.uexp" 508
"../../../Engine/Plugins/Animation/ControlRig/Content/Controls/ControlRig_RoundedTriangle_1mm.uasset" 509
"../../../Engine/Plugins/Animation/ControlRig/Content/Controls/ControlRig_RoundedTriangle_1mm.uexp" 510
"../../../Engine/Plugins/Animation/ControlRig/Content/Controls/ControlRig_RoundedSquare_solid.uasset" 511
"../../../Engine/Plugins/Animation/ControlRig/Content/Controls/ControlRig_RoundedSquare_solid.uexp" 512
"../../../Engine/Plugins/Animation/ControlRig/Content/Controls/ControlRig_RoundedSquare_3mm.uasset" 513
"../../../Engine/Plugins/Animation/ControlRig/Content/Controls/ControlRig_RoundedSquare_3mm.uexp" 514
"../../../Engine/Plugins/Animation/ControlRig/Content/Controls/ControlRig_RoundedSquare_1mm.uasset" 515
"../../../Engine/Plugins/Animation/ControlRig/Content/Controls/ControlRig_RoundedSquare_1mm.uexp" 516
"../../../Engine/Plugins/Animation/ControlRig/Content/Controls/ControlRig_QuarterCircle_solid.uasset" 517
"../../../Engine/Plugins/Animation/ControlRig/Content/Controls/ControlRig_QuarterCircle_solid.uexp" 518
"../../../Engine/Plugins/Animation/ControlRig/Content/Controls/ControlRig_QuarterCircle_3mm.uasset" 519
"../../../Engine/Plugins/Animation/ControlRig/Content/Controls/ControlRig_QuarterCircle_3mm.uexp" 520
"../../../Engine/Plugins/Animation/ControlRig/Content/Controls/ControlRig_QuarterCircle_1mm.uasset" 521
"../../../Engine/Plugins/Animation/ControlRig/Content/Controls/ControlRig_QuarterCircle_1mm.uexp" 522
"../../../Engine/Plugins/Animation/ControlRig/Content/Controls/ControlRig_Pyramid_solid.uasset" 523
"../../../Engine/Plugins/Animation/ControlRig/Content/Controls/ControlRig_Pyramid_solid.uexp" 524
"../../../Engine/Plugins/Animation/ControlRig/Content/Controls/ControlRig_Pyramid_3mm.uasset" 525
"../../../Engine/Plugins/Animation/ControlRig/Content/Controls/ControlRig_Pyramid_3mm.uexp" 526
"../../../Engine/Plugins/Animation/ControlRig/Content/Controls/ControlRig_Pyramid_1mm.uasset" 527
"../../../Engine/Plugins/Animation/ControlRig/Content/Controls/ControlRig_Pyramid_1mm.uexp" 528
"../../../Engine/Plugins/Animation/ControlRig/Content/Controls/ControlRig_Octagon_solid.uasset" 529
"../../../Engine/Plugins/Animation/ControlRig/Content/Controls/ControlRig_Octagon_solid.uexp" 530
"../../../Engine/Plugins/Animation/ControlRig/Content/Controls/ControlRig_Octagon_3mm.uasset" 531
"../../../Engine/Plugins/Animation/ControlRig/Content/Controls/ControlRig_Octagon_3mm.uexp" 532
"../../../Engine/Plugins/Animation/ControlRig/Content/Controls/ControlRig_Octagon_1mm.uasset" 533
"../../../Engine/Plugins/Animation/ControlRig/Content/Controls/ControlRig_Octagon_1mm.uexp" 534
"../../../Engine/Plugins/Animation/ControlRig/Content/Controls/ControlRig_Hexagon_solid.uasset" 535
"../../../Engine/Plugins/Animation/ControlRig/Content/Controls/ControlRig_Hexagon_solid.uexp" 536
"../../../Engine/Plugins/Animation/ControlRig/Content/Controls/ControlRig_Hexagon_3mm.uasset" 537
"../../../Engine/Plugins/Animation/ControlRig/Content/Controls/ControlRig_Hexagon_3mm.uexp" 538
"../../../Engine/Plugins/Animation/ControlRig/Content/Controls/ControlRig_Hexagon_1mm.uasset" 539
"../../../Engine/Plugins/Animation/ControlRig/Content/Controls/ControlRig_Hexagon_1mm.uexp" 540
"../../../Engine/Plugins/Animation/ControlRig/Content/Controls/ControlRig_HalfCircle_solid.uasset" 541
"../../../Engine/Plugins/Animation/ControlRig/Content/Controls/ControlRig_HalfCircle_solid.uexp" 542
"../../../Engine/Plugins/Animation/ControlRig/Content/Controls/ControlRig_HalfCircle_3mm.uasset" 543
"../../../Engine/Plugins/Animation/ControlRig/Content/Controls/ControlRig_HalfCircle_3mm.uexp" 544
"../../../Engine/Plugins/Animation/ControlRig/Content/Controls/ControlRig_HalfCircle_1mm.uasset" 545
"../../../Engine/Plugins/Animation/ControlRig/Content/Controls/ControlRig_HalfCircle_1mm.uexp" 546
"../../../Engine/Plugins/Animation/ControlRig/Content/Controls/ControlRig_Diamond_solid.uasset" 547
"../../../Engine/Plugins/Animation/ControlRig/Content/Controls/ControlRig_Diamond_solid.uexp" 548
"../../../Engine/Plugins/Animation/ControlRig/Content/Controls/ControlRig_Diamond_3mm.uasset" 549
"../../../Engine/Plugins/Animation/ControlRig/Content/Controls/ControlRig_Diamond_3mm.uexp" 550
"../../../Engine/Plugins/Animation/ControlRig/Content/Controls/ControlRig_Diamond_1mm.uasset" 551
"../../../Engine/Plugins/Animation/ControlRig/Content/Controls/ControlRig_Diamond_1mm.uexp" 552
"../../../Engine/Plugins/Animation/ControlRig/Content/Controls/ControlRig_Circle_solid.uasset" 553
"../../../Engine/Plugins/Animation/ControlRig/Content/Controls/ControlRig_Circle_solid.uexp" 554
"../../../Engine/Plugins/Animation/ControlRig/Content/Controls/ControlRig_Circle_3mm.uasset" 555
"../../../Engine/Plugins/Animation/ControlRig/Content/Controls/ControlRig_Circle_3mm.uexp" 556
"../../../Engine/Plugins/Animation/ControlRig/Content/Controls/ControlRig_Circle_1mm.uasset" 557
"../../../Engine/Plugins/Animation/ControlRig/Content/Controls/ControlRig_Circle_1mm.uexp" 558
"../../../Engine/Plugins/Animation/ControlRig/Content/Controls/ControlRig_Box_solid.uasset" 559
"../../../Engine/Plugins/Animation/ControlRig/Content/Controls/ControlRig_Box_solid.uexp" 560
"../../../Engine/Plugins/Animation/ControlRig/Content/Controls/ControlRig_Box_3mm.uasset" 561
"../../../Engine/Plugins/Animation/ControlRig/Content/Controls/ControlRig_Box_3mm.uexp" 562
"../../../Engine/Plugins/Animation/ControlRig/Content/Controls/ControlRig_Box_1mm.uasset" 563
"../../../Engine/Plugins/Animation/ControlRig/Content/Controls/ControlRig_Box_1mm.uexp" 564
"../../../Engine/Plugins/Animation/ControlRig/Content/Controls/ControlRig_Arrow_solid.uasset" 565
"../../../Engine/Plugins/Animation/ControlRig/Content/Controls/ControlRig_Arrow_solid.uexp" 566
"../../../Engine/Plugins/Animation/ControlRig/Content/Controls/ControlRig_Arrow_3mm.uasset" 567
"../../../Engine/Plugins/Animation/ControlRig/Content/Controls/ControlRig_Arrow_3mm.uexp" 568
"../../../Engine/Plugins/Animation/ControlRig/Content/Controls/ControlRig_Arrow_1mm.uasset" 569
"../../../Engine/Plugins/Animation/ControlRig/Content/Controls/ControlRig_Arrow_1mm.uexp" 570
"../../../Engine/Plugins/Animation/ControlRig/Content/Controls/ControlRig_Arrow4_solid.uasset" 571
"../../../Engine/Plugins/Animation/ControlRig/Content/Controls/ControlRig_Arrow4_solid.uexp" 572
"../../../Engine/Plugins/Animation/ControlRig/Content/Controls/ControlRig_Arrow4_3mm.uasset" 573
"../../../Engine/Plugins/Animation/ControlRig/Content/Controls/ControlRig_Arrow4_3mm.uexp" 574
"../../../Engine/Plugins/Animation/ControlRig/Content/Controls/ControlRig_Arrow4_1mm.uasset" 575
"../../../Engine/Plugins/Animation/ControlRig/Content/Controls/ControlRig_Arrow4_1mm.uexp" 576
"../../../Engine/Plugins/Animation/ControlRig/Content/Controls/ControlRig_Arrow2_solid.uasset" 577
"../../../Engine/Plugins/Animation/ControlRig/Content/Controls/ControlRig_Arrow2_solid.uexp" 578
"../../../Engine/Plugins/Animation/ControlRig/Content/Controls/ControlRig_Arrow2_3mm.uasset" 579
"../../../Engine/Plugins/Animation/ControlRig/Content/Controls/ControlRig_Arrow2_3mm.uexp" 580
"../../../Engine/Plugins/Animation/ControlRig/Content/Controls/ControlRig_Arrow2_1mm.uasset" 581
"../../../Engine/Plugins/Animation/ControlRig/Content/Controls/ControlRig_Arrow2_1mm.uexp" 582
"../../../Engine/Plugins/Animation/ControlRig/Content/Controls/ControlRigXRayMaterial.uasset" 583
"../../../Engine/Plugins/Animation/ControlRig/Content/Controls/ControlRigXRayMaterial.uexp" 584
"../../../Engine/Plugins/Animation/ControlRig/Content/Controls/ControlRigGizmoMaterial.uasset" 585
"../../../Engine/Plugins/Animation/ControlRig/Content/Controls/ControlRigGizmoMaterial.uexp" 586
"../../../Engine/Plugins/Editor/SpeedTreeImporter/Content/SpeedTree9/game_wind_noise.ubulk" 587
"../../../Engine/Plugins/Editor/SpeedTreeImporter/Content/SpeedTree9/game_wind_noise.uasset" 588
"../../../Engine/Plugins/Editor/SpeedTreeImporter/Content/SpeedTree9/game_wind_noise.uexp" 589
"../../../Engine/Plugins/Editor/SpeedTreeImporter/Content/SpeedTree9/UnpackDirection.uasset" 590
"../../../Engine/Plugins/Editor/SpeedTreeImporter/Content/SpeedTree9/UnpackDirection.uexp" 591
"../../../Engine/Content/Functions/Engine_MaterialFunctions02/ObjectLocalBounds.uasset" 592
"../../../Engine/Content/Functions/Engine_MaterialFunctions02/ObjectLocalBounds.uexp" 593
"../../../Engine/Content/Functions/Engine_MaterialFunctions02/UVs/BoundingBoxBased_0-1_UVW.uasset" 594
"../../../Engine/Content/Functions/Engine_MaterialFunctions02/UVs/BoundingBoxBased_0-1_UVW.uexp" 595
"../../../Engine/Content/Functions/Engine_MaterialFunctions02/Utility/VectorLength.uasset" 596
"../../../Engine/Content/Functions/Engine_MaterialFunctions02/Utility/VectorLength.uexp" 597
"../../../Engine/Plugins/Editor/SpeedTreeImporter/Content/SpeedTree9/UnpackInteger3.uasset" 598
"../../../Engine/Plugins/Editor/SpeedTreeImporter/Content/SpeedTree9/UnpackInteger3.uexp" 599
"../../../Engine/Plugins/Editor/SpeedTreeImporter/Content/SpeedTree9/SpeedTreeCameraFacing.uasset" 600
"../../../Engine/Plugins/Editor/SpeedTreeImporter/Content/SpeedTree9/SpeedTreeCameraFacing.uexp" 601
"../../../Engine/Content/Functions/Engine_MaterialFunctions02/WorldPositionOffset/ObjectScale.uasset" 602
"../../../Engine/Content/Functions/Engine_MaterialFunctions02/WorldPositionOffset/ObjectScale.uexp" 603
"../../../Engine/Content/Functions/Engine_MaterialFunctions02/SafeNormalize.uasset" 604
"../../../Engine/Content/Functions/Engine_MaterialFunctions02/SafeNormalize.uexp" 605
"../../../Engine/Plugins/Editor/SpeedTreeImporter/Content/SpeedTree9/SpeedTreeWindMotion.uasset" 606
"../../../Engine/Plugins/Editor/SpeedTreeImporter/Content/SpeedTree9/SpeedTreeWindMotion.uexp" 607
"../../../Engine/Plugins/Editor/SpeedTreeImporter/Content/SpeedTree9/SpeedTreeBranchMotion.uasset" 608
"../../../Engine/Plugins/Editor/SpeedTreeImporter/Content/SpeedTree9/SpeedTreeBranchMotion.uexp" 609
"../../../Engine/Plugins/Editor/SpeedTreeImporter/Content/SpeedTree9/SpeedTreeWind.uasset" 610
"../../../Engine/Plugins/Editor/SpeedTreeImporter/Content/SpeedTree9/SpeedTreeWind.uexp" 611
"../../../Engine/Plugins/Editor/SpeedTreeImporter/Content/SpeedTree9/EmptyNormal.uasset" 612
"../../../Engine/Plugins/Editor/SpeedTreeImporter/Content/SpeedTree9/EmptyNormal.uexp" 613
"../../../Engine/Plugins/Editor/SpeedTreeImporter/Content/SpeedTree9/Empty.uasset" 614
"../../../Engine/Plugins/Editor/SpeedTreeImporter/Content/SpeedTree9/Empty.uexp" 615
"../../../Engine/Plugins/Editor/SpeedTreeImporter/Content/SpeedTree9/SpeedTreeMaster.uasset" 616
"../../../Engine/Plugins/Editor/SpeedTreeImporter/Content/SpeedTree9/SpeedTreeMaster.uexp" 617
"../../../Engine/Plugins/Editor/SpeedTreeImporter/Content/SpeedTree9/SpeedTreeBillboard.uasset" 618
"../../../Engine/Plugins/Editor/SpeedTreeImporter/Content/SpeedTree9/SpeedTreeBillboard.uexp" 619
"../../../Engine/Plugins/Editor/SpeedTreeImporter/Content/SpeedTree9/SpeedTreeBillboardMaster.uasset" 620
"../../../Engine/Plugins/Editor/SpeedTreeImporter/Content/SpeedTree9/SpeedTreeBillboardMaster.uexp" 621
"../../../Engine/Plugins/Interchange/Runtime/Content/Pipelines/DefaultSceneAssetsPipeline.uasset" 622
"../../../Engine/Plugins/Interchange/Runtime/Content/Pipelines/DefaultSceneAssetsPipeline.uexp" 623
"../../../Engine/Plugins/Interchange/Runtime/Content/Pipelines/DefaultTexturePipeline.uasset" 624
"../../../Engine/Plugins/Interchange/Runtime/Content/Pipelines/DefaultTexturePipeline.uexp" 625
"../../../Engine/Plugins/Interchange/Runtime/Content/Pipelines/DefaultSceneLevelPipeline.uasset" 626
"../../../Engine/Plugins/Interchange/Runtime/Content/Pipelines/DefaultSceneLevelPipeline.uexp" 627
"../../../Engine/Content/Functions/Engine_MaterialFunctions02/Texturing/CustomRotator.uasset" 628
"../../../Engine/Content/Functions/Engine_MaterialFunctions02/Texturing/CustomRotator.uexp" 629
"../../../Engine/Content/Functions/Engine_MaterialFunctions02/Texturing/ScreenAlignedPixelToPixelUVs.uasset" 630
"../../../Engine/Content/Functions/Engine_MaterialFunctions02/Texturing/ScreenAlignedPixelToPixelUVs.uexp" 631
"../../../Engine/Plugins/Interchange/Runtime/Content/Utilities/T_Bayer64_Grayscale_64px.uasset" 632
"../../../Engine/Plugins/Interchange/Runtime/Content/Utilities/T_Bayer64_Grayscale_64px.uexp" 633
"../../../Engine/Plugins/Interchange/Runtime/Content/gltf/MaterialFunctions/MF_Temporal_Blur.uasset" 634
"../../../Engine/Plugins/Interchange/Runtime/Content/gltf/MaterialFunctions/MF_Temporal_Blur.uexp" 635
"../../../Engine/Plugins/Interchange/Runtime/Content/gltf/MaterialFunctions/MF_Fresnel_DS.uasset" 636
"../../../Engine/Plugins/Interchange/Runtime/Content/gltf/MaterialFunctions/MF_Fresnel_DS.uexp" 637
"../../../Engine/Plugins/Interchange/Runtime/Content/Functions/MX_Transmission.uasset" 638
"../../../Engine/Plugins/Interchange/Runtime/Content/Functions/MX_Transmission.uexp" 639
"../../../Engine/Plugins/Interchange/Runtime/Content/Functions/MX_StandardSurface.uasset" 640
"../../../Engine/Plugins/Interchange/Runtime/Content/Functions/MX_StandardSurface.uexp" 641
"../../../Engine/Plugins/Interchange/Runtime/Content/Functions/MX_TransmissionSurface.uasset" 642
"../../../Engine/Plugins/Interchange/Runtime/Content/Functions/MX_TransmissionSurface.uexp" 643
"../../../Engine/Content/Functions/Engine_MaterialFunctions02/WorldPositionOffset/V2/ObjectScale.uasset" 644
"../../../Engine/Content/Functions/Engine_MaterialFunctions02/WorldPositionOffset/V2/ObjectScale.uexp" 645
"../../../Engine/Plugins/Interchange/Runtime/Content/gltf/MaterialFunctions/MF_TransmissionOpacity.uasset" 646
"../../../Engine/Plugins/Interchange/Runtime/Content/gltf/MaterialFunctions/MF_TransmissionOpacity.uexp" 647
"../../../Engine/Plugins/Interchange/Runtime/Content/gltf/MaterialFunctions/MF_Transmission.uasset" 648
"../../../Engine/Plugins/Interchange/Runtime/Content/gltf/MaterialFunctions/MF_Transmission.uexp" 649
"../../../Engine/Plugins/Interchange/Runtime/Content/gltf/M_Transmission.uasset" 650
"../../../Engine/Plugins/Interchange/Runtime/Content/gltf/M_Transmission.uexp" 651
"../../../Engine/Plugins/Interchange/Runtime/Content/gltf/MaterialInstances_MR/MI_Transmission_TS.uasset" 652
"../../../Engine/Plugins/Interchange/Runtime/Content/gltf/MaterialInstances_MR/MI_Transmission_TS.uexp" 653
"../../../Engine/Plugins/Interchange/Runtime/Content/gltf/MaterialInstances_MR/MI_Transmission.uasset" 654
"../../../Engine/Plugins/Interchange/Runtime/Content/gltf/MaterialInstances_MR/MI_Transmission.uexp" 655
"../../../Engine/Plugins/Interchange/Runtime/Content/gltf/M_Translucent.uasset" 656
"../../../Engine/Plugins/Interchange/Runtime/Content/gltf/M_Translucent.uexp" 657
"../../../Engine/Plugins/Interchange/Runtime/Content/gltf/MaterialInstances_MR/MI_Translucent_TS.uasset" 658
"../../../Engine/Plugins/Interchange/Runtime/Content/gltf/MaterialInstances_MR/MI_Translucent_TS.uexp" 659
"../../../Engine/Plugins/Interchange/Runtime/Content/gltf/MaterialInstances_MR/MI_Translucent_ClearCoat_TS.uasset" 660
"../../../Engine/Plugins/Interchange/Runtime/Content/gltf/MaterialInstances_MR/MI_Translucent_ClearCoat_TS.uexp" 661
"../../../Engine/Plugins/Interchange/Runtime/Content/gltf/MaterialInstances_MR/MI_Translucent_ClearCoat.uasset" 662
"../../../Engine/Plugins/Interchange/Runtime/Content/gltf/MaterialInstances_MR/MI_Translucent_ClearCoat.uexp" 663
"../../../Engine/Plugins/Interchange/Runtime/Content/gltf/MaterialInstances_MR/MI_Translucent.uasset" 664
"../../../Engine/Plugins/Interchange/Runtime/Content/gltf/MaterialInstances_MR/MI_Translucent.uexp" 665
"../../../Engine/Plugins/Interchange/Runtime/Content/gltf/M_Unlit.uasset" 666
"../../../Engine/Plugins/Interchange/Runtime/Content/gltf/M_Unlit.uexp" 667
"../../../Engine/Plugins/Interchange/Runtime/Content/gltf/MaterialInstances_MR/MI_Opaque_Unlit_TS.uasset" 668
"../../../Engine/Plugins/Interchange/Runtime/Content/gltf/MaterialInstances_MR/MI_Opaque_Unlit_TS.uexp" 669
"../../../Engine/Plugins/Interchange/Runtime/Content/gltf/MaterialInstances_MR/MI_Opaque_Unlit.uasset" 670
"../../../Engine/Plugins/Interchange/Runtime/Content/gltf/MaterialInstances_MR/MI_Opaque_Unlit.uexp" 671
"../../../Engine/Plugins/Interchange/Runtime/Content/gltf/MaterialInstances_MR/MI_Opaque_TS.uasset" 672
"../../../Engine/Plugins/Interchange/Runtime/Content/gltf/MaterialInstances_MR/MI_Opaque_TS.uexp" 673
"../../../Engine/Plugins/Interchange/Runtime/Content/gltf/MaterialFunctions/MF_Sheen.uasset" 674
"../../../Engine/Plugins/Interchange/Runtime/Content/gltf/MaterialFunctions/MF_Sheen.uexp" 675
"../../../Engine/Content/Functions/Engine_MaterialFunctions01/Shading/FuzzyShading.uasset" 676
"../../../Engine/Content/Functions/Engine_MaterialFunctions01/Shading/FuzzyShading.uexp" 677
"../../../Engine/Plugins/Interchange/Runtime/Content/gltf/M_Sheen.uasset" 678
"../../../Engine/Plugins/Interchange/Runtime/Content/gltf/M_Sheen.uexp" 679
"../../../Engine/Plugins/Interchange/Runtime/Content/gltf/MaterialInstances_MR/MI_Opaque_Sheen_TS.uasset" 680
"../../../Engine/Plugins/Interchange/Runtime/Content/gltf/MaterialInstances_MR/MI_Opaque_Sheen_TS.uexp" 681
"../../../Engine/Plugins/Interchange/Runtime/Content/gltf/MaterialInstances_MR/MI_Opaque_Sheen.uasset" 682
"../../../Engine/Plugins/Interchange/Runtime/Content/gltf/MaterialInstances_MR/MI_Opaque_Sheen.uexp" 683
"../../../Engine/Plugins/Interchange/Runtime/Content/gltf/MaterialInstances_MR/MI_Opaque_ClearCoat_TS.uasset" 684
"../../../Engine/Plugins/Interchange/Runtime/Content/gltf/MaterialInstances_MR/MI_Opaque_ClearCoat_TS.uexp" 685
"../../../Engine/Plugins/Interchange/Runtime/Content/gltf/MaterialInstances_MR/MI_Opaque_ClearCoat.uasset" 686
"../../../Engine/Plugins/Interchange/Runtime/Content/gltf/MaterialInstances_MR/MI_Opaque_ClearCoat.uexp" 687
"../../../Engine/Plugins/Interchange/Runtime/Content/gltf/MaterialInstances_MR/MI_Opaque.uasset" 688
"../../../Engine/Plugins/Interchange/Runtime/Content/gltf/MaterialInstances_MR/MI_Opaque.uexp" 689
"../../../Engine/Plugins/Interchange/Runtime/Content/gltf/MaterialInstances_SG/MI_Transmission_TS.uasset" 690
"../../../Engine/Plugins/Interchange/Runtime/Content/gltf/MaterialInstances_SG/MI_Transmission_TS.uexp" 691
"../../../Engine/Plugins/Interchange/Runtime/Content/gltf/MaterialInstances_SG/MI_Transmission.uasset" 692
"../../../Engine/Plugins/Interchange/Runtime/Content/gltf/MaterialInstances_SG/MI_Transmission.uexp" 693
"../../../Engine/Plugins/Interchange/Runtime/Content/gltf/MaterialInstances_SG/MI_Translucent_TS.uasset" 694
"../../../Engine/Plugins/Interchange/Runtime/Content/gltf/MaterialInstances_SG/MI_Translucent_TS.uexp" 695
"../../../Engine/Plugins/Interchange/Runtime/Content/gltf/MaterialInstances_SG/MI_Translucent_ClearCoat_TS.uasset" 696
"../../../Engine/Plugins/Interchange/Runtime/Content/gltf/MaterialInstances_SG/MI_Translucent_ClearCoat_TS.uexp" 697
"../../../Engine/Plugins/Interchange/Runtime/Content/gltf/MaterialInstances_SG/MI_Translucent_ClearCoat.uasset" 698
"../../../Engine/Plugins/Interchange/Runtime/Content/gltf/MaterialInstances_SG/MI_Translucent_ClearCoat.uexp" 699
"../../../Engine/Plugins/Interchange/Runtime/Content/gltf/MaterialInstances_SG/MI_Translucent.uasset" 700
"../../../Engine/Plugins/Interchange/Runtime/Content/gltf/MaterialInstances_SG/MI_Translucent.uexp" 701
"../../../Engine/Plugins/Interchange/Runtime/Content/gltf/MaterialInstances_SG/MI_Opaque_TS.uasset" 702
"../../../Engine/Plugins/Interchange/Runtime/Content/gltf/MaterialInstances_SG/MI_Opaque_TS.uexp" 703
"../../../Engine/Plugins/Interchange/Runtime/Content/gltf/MaterialInstances_SG/MI_Opaque_Sheen_TS.uasset" 704
"../../../Engine/Plugins/Interchange/Runtime/Content/gltf/MaterialInstances_SG/MI_Opaque_Sheen_TS.uexp" 705
"../../../Engine/Plugins/Interchange/Runtime/Content/gltf/MaterialInstances_SG/MI_Opaque_Sheen.uasset" 706
"../../../Engine/Plugins/Interchange/Runtime/Content/gltf/MaterialInstances_SG/MI_Opaque_Sheen.uexp" 707
"../../../Engine/Plugins/Interchange/Runtime/Content/gltf/MaterialInstances_SG/MI_Opaque_ClearCoat_TS.uasset" 708
"../../../Engine/Plugins/Interchange/Runtime/Content/gltf/MaterialInstances_SG/MI_Opaque_ClearCoat_TS.uexp" 709
"../../../Engine/Plugins/Interchange/Runtime/Content/gltf/MaterialInstances_SG/MI_Opaque_ClearCoat.uasset" 710
"../../../Engine/Plugins/Interchange/Runtime/Content/gltf/MaterialInstances_SG/MI_Opaque_ClearCoat.uexp" 711
"../../../Engine/Content/BasicShapes/Cube.uasset" 712
"../../../Engine/Content/BasicShapes/Cube.uexp" 713
"C:/Epic/Projects/ToonTanks/Content/Maps/Main_BuiltData.ubulk" 714
"C:/Epic/Projects/ToonTanks/Content/Maps/Main_BuiltData.uasset" 715
"C:/Epic/Projects/ToonTanks/Content/Maps/Main_BuiltData.uexp" 716
"C:/Epic/Projects/ToonTanks/Content/Assets/Meshes/SM_TowerTurret.uasset" 717
"C:/Epic/Projects/ToonTanks/Content/Assets/Meshes/SM_TowerTurret.uexp" 718
"C:/Epic/Projects/ToonTanks/Content/Assets/Meshes/SM_TowerBase.uasset" 719
"C:/Epic/Projects/ToonTanks/Content/Assets/Meshes/SM_TowerBase.uexp" 720
"C:/Epic/Projects/ToonTanks/Content/Blueprints/Pawns/BP_PawnTurret.uasset" 721
"C:/Epic/Projects/ToonTanks/Content/Blueprints/Pawns/BP_PawnTurret.uexp" 722
"../../../Engine/Content/EngineSky/C_Sky_Horizon_Color.uasset" 723
"../../../Engine/Content/EngineSky/C_Sky_Horizon_Color.uexp" 724
"../../../Engine/Content/EngineSky/T_Sky_Stars.ubulk" 725
"../../../Engine/Content/EngineSky/T_Sky_Stars.uasset" 726
"../../../Engine/Content/EngineSky/T_Sky_Stars.uexp" 727
"../../../Engine/Content/EngineSky/T_Sky_Clouds_M.ubulk" 728
"../../../Engine/Content/EngineSky/T_Sky_Clouds_M.uasset" 729
"../../../Engine/Content/EngineSky/T_Sky_Clouds_M.uexp" 730
"../../../Engine/Content/EngineSky/T_Sky_Blue.ubulk" 731
"../../../Engine/Content/EngineSky/T_Sky_Blue.uasset" 732
"../../../Engine/Content/EngineSky/T_Sky_Blue.uexp" 733
"../../../Engine/Content/EngineSky/M_Sky_Panning_Clouds2.uasset" 734
"../../../Engine/Content/EngineSky/M_Sky_Panning_Clouds2.uexp" 735
"../../../Engine/Content/EngineSky/SM_SkySphere.uasset" 736
"../../../Engine/Content/EngineSky/SM_SkySphere.uexp" 737
"../../../Engine/Content/EngineSky/C_Sky_Cloud_Color.uasset" 738
"../../../Engine/Content/EngineSky/C_Sky_Cloud_Color.uexp" 739
"../../../Engine/Content/EngineSky/C_Sky_Zenith_Color.uasset" 740
"../../../Engine/Content/EngineSky/C_Sky_Zenith_Color.uexp" 741
"../../../Engine/Content/EditorBlueprintResources/StandardMacros.uasset" 742
"../../../Engine/Content/EditorBlueprintResources/StandardMacros.uexp" 743
"../../../Engine/Content/EngineSky/BP_Sky_Sphere.uasset" 744
"../../../Engine/Content/EngineSky/BP_Sky_Sphere.uexp" 745
"../../../Engine/Content/MapTemplates/SM_Template_Map_Floor.uasset" 746
"../../../Engine/Content/MapTemplates/SM_Template_Map_Floor.uexp" 747
"C:/Epic/Projects/ToonTanks/Content/PolygonScifiWorlds/Textures/Emissive/T_PolygonScifiWorlds_Emissive_01.ubulk" 748
"C:/Epic/Projects/ToonTanks/Content/PolygonScifiWorlds/Textures/Emissive/T_PolygonScifiWorlds_Emissive_01.uasset" 749
"C:/Epic/Projects/ToonTanks/Content/PolygonScifiWorlds/Textures/Emissive/T_PolygonScifiWorlds_Emissive_01.uexp" 750
"C:/Epic/Projects/ToonTanks/Content/PolygonScifiWorlds/Textures/Alts/T_PolygonScifiWorlds_01_A.ubulk" 751
"C:/Epic/Projects/ToonTanks/Content/PolygonScifiWorlds/Textures/Alts/T_PolygonScifiWorlds_01_A.uasset" 752
"C:/Epic/Projects/ToonTanks/Content/PolygonScifiWorlds/Textures/Alts/T_PolygonScifiWorlds_01_A.uexp" 753
"C:/Epic/Projects/ToonTanks/Content/PolygonScifiWorlds/Textures/Misc/T_PolygonScifiWorlds_A_01_Normal_8k.uexp" 754
"C:/Epic/Projects/ToonTanks/Content/PolygonScifiWorlds/Textures/Misc/T_PolygonScifiWorlds_A_01_Normal_8k.ubulk" 755
"C:/Epic/Projects/ToonTanks/Content/PolygonScifiWorlds/Textures/Misc/T_PolygonScifiWorlds_A_01_Normal_8k.uasset" 756
"C:/Epic/Projects/ToonTanks/Content/PolygonScifiWorlds/Textures/Misc/T_PolygonScifiWorlds_A_01_Normal_8k.uptnl" 757
"C:/Epic/Projects/ToonTanks/Content/PolygonScifiWorlds/Materials/Alts/Mat_PolygonScifiWorlds_01_A.uasset" 758
"C:/Epic/Projects/ToonTanks/Content/PolygonScifiWorlds/Materials/Alts/Mat_PolygonScifiWorlds_01_A.uexp" 759
"C:/Epic/Projects/ToonTanks/Content/Meshes/YellowTankTurretMesh.uasset" 760
"C:/Epic/Projects/ToonTanks/Content/Meshes/YellowTankTurretMesh.uexp" 761
"C:/Epic/Projects/ToonTanks/Content/Meshes/YellowTankBase.uasset" 762
"C:/Epic/Projects/ToonTanks/Content/Meshes/YellowTankBase.uexp" 763
"C:/Epic/Projects/ToonTanks/Content/Blueprints/Pawns/YellowTank.uasset" 764
"C:/Epic/Projects/ToonTanks/Content/Blueprints/Pawns/YellowTank.uexp" 765
"C:/Epic/Projects/ToonTanks/Content/Assets/Textures/T_BasicGrid_M.ubulk" 766
"C:/Epic/Projects/ToonTanks/Content/Assets/Textures/T_BasicGrid_M.uasset" 767
"C:/Epic/Projects/ToonTanks/Content/Assets/Textures/T_BasicGrid_M.uexp" 768
"C:/Epic/Projects/ToonTanks/Content/Assets/Materials/Functions/Basic/MakeSet.uasset" 769
"C:/Epic/Projects/ToonTanks/Content/Assets/Materials/Functions/Basic/MakeSet.uexp" 770
"C:/Epic/Projects/ToonTanks/Content/Assets/Materials/Functions/Basic/BreakSet.uasset" 771
"C:/Epic/Projects/ToonTanks/Content/Assets/Materials/Functions/Basic/BreakSet.uexp" 772
"C:/Epic/Projects/ToonTanks/Content/Assets/Materials/Functions/Texture/Tex_SimpleGrid.uasset" 773
"C:/Epic/Projects/ToonTanks/Content/Assets/Materials/Functions/Texture/Tex_SimpleGrid.uexp" 774
"../../../Engine/Content/Functions/Engine_MaterialFunctions02/Utility/Sign.uasset" 775
"../../../Engine/Content/Functions/Engine_MaterialFunctions02/Utility/Sign.uexp" 776
"C:/Epic/Projects/ToonTanks/Content/Assets/Textures/T_BasicGrid_N.ubulk" 777
"C:/Epic/Projects/ToonTanks/Content/Assets/Textures/T_BasicGrid_N.uasset" 778
"C:/Epic/Projects/ToonTanks/Content/Assets/Textures/T_BasicGrid_N.uexp" 779
"../../../Engine/Content/Functions/Engine_MaterialFunctions02/Utility/Round.uasset" 780
"../../../Engine/Content/Functions/Engine_MaterialFunctions02/Utility/Round.uexp" 781
"C:/Epic/Projects/ToonTanks/Content/Assets/Materials/Functions/Texture/Dye_SingleColor.uasset" 782
"C:/Epic/Projects/ToonTanks/Content/Assets/Materials/Functions/Texture/Dye_SingleColor.uexp" 783
"C:/Epic/Projects/ToonTanks/Content/Assets/Materials/Functions/UV/UV_SetupGrid.uasset" 784
"C:/Epic/Projects/ToonTanks/Content/Assets/Materials/Functions/UV/UV_SetupGrid.uexp" 785
"C:/Epic/Projects/ToonTanks/Content/Assets/Materials/Functions/UV/UV_ObjectScalable.uasset" 786
"C:/Epic/Projects/ToonTanks/Content/Assets/Materials/Functions/UV/UV_ObjectScalable.uexp" 787
"C:/Epic/Projects/ToonTanks/Content/Assets/Materials/Base/M_GridBase.uasset" 788
"C:/Epic/Projects/ToonTanks/Content/Assets/Materials/Base/M_GridBase.uexp" 789
"C:/Epic/Projects/ToonTanks/Content/Assets/Materials/Base/M_Grid_Inst.uasset" 790
"C:/Epic/Projects/ToonTanks/Content/Assets/Materials/Base/M_Grid_Inst.uexp" 791
"C:/Epic/Projects/ToonTanks/Content/Maps/Main.uexp" 792
"C:/Epic/Projects/ToonTanks/Content/Maps/Main.umap" 793
"../../../Engine/Content/Maps/Entry_BuiltData.uasset" 794
"../../../Engine/Content/Maps/Entry_BuiltData.uexp" 795
"../../../Engine/Content/Maps/Entry.uexp" 796
"../../../Engine/Content/Maps/Entry.umap" 797
